<?xml version="1.0" encoding="UTF-8"?>
<testng-results ignored="0" total="4" passed="4" failed="0" skipped="0">
  <reporter-output>
  </reporter-output>
  <suite started-at="2024-12-14T21:46:19 IST" name="Suite" finished-at="2024-12-14T21:46:38 IST" duration-ms="18838">
    <groups>
    </groups>
    <test started-at="2024-12-14T21:46:19 IST" name="Test" finished-at="2024-12-14T21:46:38 IST" duration-ms="18838">
      <class name="api.Test.UserDELETE">
        <test-method is-config="true" signature="SetTestData()[pri:0, instance:api.Test.UserDELETE@77f1baf5]" started-at="2024-12-14T21:46:30 IST" name="SetTestData" finished-at="2024-12-14T21:46:30 IST" duration-ms="41" status="PASS">
          <reporter-output>
          </reporter-output>
        </test-method> <!-- SetTestData -->
        <test-method signature="DeleteUser()[pri:0, instance:api.Test.UserDELETE@77f1baf5]" started-at="2024-12-14T21:46:30 IST" name="DeleteUser" finished-at="2024-12-14T21:46:34 IST" duration-ms="4632" status="PASS">
          <reporter-output>
          </reporter-output>
        </test-method> <!-- DeleteUser -->
      </class> <!-- api.Test.UserDELETE -->
      <class name="api.Test.UserPOST">
        <test-method is-config="true" signature="SetTestData()[pri:0, instance:api.Test.UserPOST@7d20d0b]" started-at="2024-12-14T21:46:26 IST" name="SetTestData" finished-at="2024-12-14T21:46:26 IST" duration-ms="83" status="PASS">
          <reporter-output>
          </reporter-output>
        </test-method> <!-- SetTestData -->
        <test-method signature="UserIsCreated()[pri:0, instance:api.Test.UserPOST@7d20d0b]" started-at="2024-12-14T21:46:26 IST" name="UserIsCreated" finished-at="2024-12-14T21:46:30 IST" duration-ms="3362" status="PASS">
          <reporter-output>
          </reporter-output>
        </test-method> <!-- UserIsCreated -->
      </class> <!-- api.Test.UserPOST -->
      <class name="api.Test.UserGET">
        <test-method is-config="true" signature="SetTestData()[pri:0, instance:api.Test.UserGET@544fa968]" started-at="2024-12-14T21:46:19 IST" name="SetTestData" finished-at="2024-12-14T21:46:19 IST" duration-ms="338" status="PASS">
          <reporter-output>
          </reporter-output>
        </test-method> <!-- SetTestData -->
        <test-method signature="GetUser()[pri:0, instance:api.Test.UserGET@544fa968]" started-at="2024-12-14T21:46:19 IST" name="GetUser" finished-at="2024-12-14T21:46:26 IST" duration-ms="7199" status="PASS">
          <reporter-output>
          </reporter-output>
        </test-method> <!-- GetUser -->
      </class> <!-- api.Test.UserGET -->
      <class name="api.Test.UserPUT">
        <test-method is-config="true" signature="SetTestData()[pri:0, instance:api.Test.UserPUT@41a2befb]" started-at="2024-12-14T21:46:35 IST" name="SetTestData" finished-at="2024-12-14T21:46:35 IST" duration-ms="50" status="PASS">
          <reporter-output>
          </reporter-output>
        </test-method> <!-- SetTestData -->
        <test-method signature="UpdatedUser()[pri:0, instance:api.Test.UserPUT@41a2befb]" started-at="2024-12-14T21:46:35 IST" name="UpdatedUser" finished-at="2024-12-14T21:46:38 IST" duration-ms="3023" status="PASS">
          <reporter-output>
          </reporter-output>
        </test-method> <!-- UpdatedUser -->
      </class> <!-- api.Test.UserPUT -->
    </test> <!-- Test -->
  </suite> <!-- Suite -->
</testng-results>
