<?xml version="1.0" encoding="UTF-8"?>
<!-- Generated by org.testng.reporters.JUnitXMLReporter -->
<testsuite ignored="0" hostname="Rohits-MacBook-Air.local" failures="0" tests="4" name="Test" time="18.838" errors="0" timestamp="2024-12-14T21:46:38 IST">
  <testcase classname="api.Test.UserGET" name="GetUser" time="7.199"/>
  <testcase classname="api.Test.UserPOST" name="UserIsCreated" time="3.362"/>
  <testcase classname="api.Test.UserDELETE" name="DeleteUser" time="4.632"/>
  <testcase classname="api.Test.UserPUT" name="UpdatedUser" time="3.023"/>
</testsuite> <!-- Test -->
